d:\dev\turn_based_rpg\rpg_game\release\vc142.pdb
d:\dev\turn_based_rpg\rpg_game\release\tinyxml2.obj
d:\dev\turn_based_rpg\rpg_game\release\player.obj
d:\dev\turn_based_rpg\rpg_game\release\animation.obj
d:\dev\turn_based_rpg\rpg_game\release\tileparser.obj
d:\dev\turn_based_rpg\rpg_game\release\mapparser.obj
d:\dev\turn_based_rpg\rpg_game\release\gamemap.obj
d:\dev\turn_based_rpg\rpg_game\release\settings.obj
d:\dev\turn_based_rpg\rpg_game\release\mainmenu.obj
d:\dev\turn_based_rpg\rpg_game\release\inputlistener.obj
d:\dev\turn_based_rpg\rpg_game\release\texturemanager.obj
d:\dev\turn_based_rpg\rpg_game\release\timer.obj
d:\dev\turn_based_rpg\rpg_game\release\engine.obj
d:\dev\turn_based_rpg\rpg_game\release\main.obj
d:\dev\turn_based_rpg\release\rpg_game.exe
d:\dev\turn_based_rpg\release\rpg_game.pdb
d:\dev\turn_based_rpg\release\rpg_game.ipdb
d:\dev\turn_based_rpg\release\rpg_game.iobj
d:\dev\turn_based_rpg\rpg_game\release\rpg_game.tlog\cl.command.1.tlog
d:\dev\turn_based_rpg\rpg_game\release\rpg_game.tlog\cl.read.1.tlog
d:\dev\turn_based_rpg\rpg_game\release\rpg_game.tlog\cl.write.1.tlog
d:\dev\turn_based_rpg\rpg_game\release\rpg_game.tlog\link.command.1.tlog
d:\dev\turn_based_rpg\rpg_game\release\rpg_game.tlog\link.read.1.tlog
d:\dev\turn_based_rpg\rpg_game\release\rpg_game.tlog\link.write.1.tlog
d:\dev\turn_based_rpg\rpg_game\release\rpg_game.tlog\rpg_game.write.1u.tlog
