d:\dev\turn_based\rpg_game\release\vc142.pdb
d:\dev\turn_based\rpg_game\release\tinyxml2.obj
d:\dev\turn_based\rpg_game\release\skills.obj
d:\dev\turn_based\rpg_game\release\actions.obj
d:\dev\turn_based\rpg_game\release\position2d.obj
d:\dev\turn_based\rpg_game\release\player.obj
d:\dev\turn_based\rpg_game\release\animation.obj
d:\dev\turn_based\rpg_game\release\tileparser.obj
d:\dev\turn_based\rpg_game\release\mapparser.obj
d:\dev\turn_based\rpg_game\release\gamemap.obj
d:\dev\turn_based\rpg_game\release\settings.obj
d:\dev\turn_based\rpg_game\release\mainmenu.obj
d:\dev\turn_based\rpg_game\release\cursor.obj
d:\dev\turn_based\rpg_game\release\camera.obj
d:\dev\turn_based\rpg_game\release\inputlistener.obj
d:\dev\turn_based\rpg_game\release\texturemanager.obj
d:\dev\turn_based\rpg_game\release\timer.obj
d:\dev\turn_based\rpg_game\release\engine.obj
d:\dev\turn_based\rpg_game\release\main.obj
d:\dev\turn_based\release\turn_based.exe
d:\dev\turn_based\release\turn_based.pdb
d:\dev\turn_based\release\turn_based.ipdb
d:\dev\turn_based\release\turn_based.iobj
d:\dev\turn_based\rpg_game\release\turn_based.tlog\cl.command.1.tlog
d:\dev\turn_based\rpg_game\release\turn_based.tlog\cl.read.1.tlog
d:\dev\turn_based\rpg_game\release\turn_based.tlog\cl.write.1.tlog
d:\dev\turn_based\rpg_game\release\turn_based.tlog\link.command.1.tlog
d:\dev\turn_based\rpg_game\release\turn_based.tlog\link.read.1.tlog
d:\dev\turn_based\rpg_game\release\turn_based.tlog\link.write.1.tlog
d:\dev\turn_based\rpg_game\release\turn_based.tlog\turn_based.write.1u.tlog
